Using pre-set license
Built from '6000.0/staging' branch; Version is '6000.0.38f1 (82314a941f2d) revision 8532298'; Using compiler version '193933523'; Build Type 'Release'
OS: 'Windows 11  (10.0.22631) 64bit Core' Language: 'ar' Physical Memory: 3460 MB
BatchMode: 1, IsHumanControllingUs: 0, StartBugReporterOnCrash: 0, Is64bit: 1, IsPro: 1

COMMAND LINE ARGUMENTS:
C:\Program Files\Unity\Hub\Editor\6000.0.38f1\Editor\Unity.exe
-adb2
-batchMode
-noUpm
-name
AssetImportWorker0
-projectPath
C:/Users/Lenovo/My project
-logFile
Logs/AssetImportWorker0.log
-srvPort
49744
-job-worker-count
1
-background-job-worker-count
8
-gc-helper-count
1
Successfully changed project path to: C:/Users/Lenovo/My project
C:/Users/Lenovo/My project
[UnityMemory] Configuration Parameters - Can be set up in boot.config
    "memorysetup-bucket-allocator-granularity=16"
    "memorysetup-bucket-allocator-bucket-count=8"
    "memorysetup-bucket-allocator-block-size=33554432"
    "memorysetup-bucket-allocator-block-count=8"
    "memorysetup-main-allocator-block-size=16777216"
    "memorysetup-thread-allocator-block-size=16777216"
    "memorysetup-gfx-main-allocator-block-size=16777216"
    "memorysetup-gfx-thread-allocator-block-size=16777216"
    "memorysetup-cache-allocator-block-size=4194304"
    "memorysetup-typetree-allocator-block-size=2097152"
    "memorysetup-profiler-bucket-allocator-granularity=16"
    "memorysetup-profiler-bucket-allocator-bucket-count=8"
    "memorysetup-profiler-bucket-allocator-block-size=33554432"
    "memorysetup-profiler-bucket-allocator-block-count=8"
    "memorysetup-profiler-allocator-block-size=16777216"
    "memorysetup-profiler-editor-allocator-block-size=1048576"
    "memorysetup-temp-allocator-size-main=16777216"
    "memorysetup-job-temp-allocator-block-size=2097152"
    "memorysetup-job-temp-allocator-block-size-background=1048576"
    "memorysetup-job-temp-allocator-reduction-small-platforms=262144"
    "memorysetup-allocator-temp-initial-block-size-main=262144"
    "memorysetup-allocator-temp-initial-block-size-worker=262144"
    "memorysetup-temp-allocator-size-background-worker=32768"
    "memorysetup-temp-allocator-size-job-worker=262144"
    "memorysetup-temp-allocator-size-preload-manager=33554432"
    "memorysetup-temp-allocator-size-nav-mesh-worker=65536"
    "memorysetup-temp-allocator-size-audio-worker=65536"
    "memorysetup-temp-allocator-size-cloud-worker=32768"
    "memorysetup-temp-allocator-size-gi-baking-worker=262144"
    "memorysetup-temp-allocator-size-gi-baking-worker=262144"
    "memorysetup-temp-allocator-size-gi-baking-worker=262144"
    "memorysetup-temp-allocator-size-gi-baking-worker=262144"
    "memorysetup-temp-allocator-size-gi-baking-worker=262144"
    "memorysetup-temp-allocator-size-gfx=262144"
Player connection [12576]  Target information:

Player connection [12576]  * "[IP] 192.168.58.119 [Port] 0 [Flags] 2 [Guid] 1036019997 [EditorId] 1036019997 [Version] 1048832 [Id] WindowsEditor(7,LAPTOP-P32H5IGJ) [Debug] 1 [PackageName] WindowsEditor [ProjectName] Editor" 

Player connection [12576] Host joined multi-casting on [225.0.0.222:54997]...
Player connection [12576] Host joined alternative multi-casting on [225.0.0.222:34997]...
JobSystem: Creating JobQueue using job-worker-count value 1
Input System module state changed to: Initialized.
[Physics::Module] Initialized fallback backend.
[Physics::Module] Id: 0xdecafbad
Library Redirect Path: Library/
[Physics::Module] Selected backend.
[Physics::Module] Name: PhysX
[Physics::Module] Id: 0xf2b8ea05
[Physics::Module] SDK Version: 4.1.2
[Physics::Module] Integration Version: 1.0.0
[Physics::Module] Threading Mode: Multi-Threaded
Refreshing native plugins compatible for Editor in 276.68 ms, found 3 plugins.
Preloading 0 native plugins for Editor in 0.00 ms.
Initialize engine version: 6000.0.38f1 (82314a941f2d)
[Subsystems] Discovering subsystems at path C:/Program Files/Unity/Hub/Editor/6000.0.38f1/Editor/Data/Resources/UnitySubsystems
[Subsystems] Discovering subsystems at path C:/Users/Lenovo/My project/Assets
GfxDevice: creating device client; kGfxThreadingModeNonThreaded
Direct3D:
    Version:  Direct3D 11.0 [level 11.1]
    Renderer: AMD Radeon(TM) Graphics (ID=0x15d8)
    Vendor:   ATI
    VRAM:     1730 MB
    Driver:   31.0.21024.2004
Initialize mono
Mono path[0] = 'C:/Program Files/Unity/Hub/Editor/6000.0.38f1/Editor/Data/Managed'
Mono path[1] = 'C:/Program Files/Unity/Hub/Editor/6000.0.38f1/Editor/Data/MonoBleedingEdge/lib/mono/unityjit-win32'
Mono config path = 'C:/Program Files/Unity/Hub/Editor/6000.0.38f1/Editor/Data/MonoBleedingEdge/etc'
Using monoOptions --debugger-agent=transport=dt_socket,embedding=1,server=y,suspend=n,address=127.0.0.1:56188
Begin MonoManager ReloadAssembly
Registering precompiled unity dll's ...
Register platform support module: C:/Program Files/Unity/Hub/Editor/6000.0.38f1/Editor/Data/PlaybackEngines/WebGLSupport/UnityEditor.WebGL.Extensions.dll
Register platform support module: C:/Program Files/Unity/Hub/Editor/6000.0.38f1/Editor/Data/PlaybackEngines/WindowsStandaloneSupport/UnityEditor.WindowsStandalone.Extensions.dll
Registered in 0.012479 seconds.
- Loaded All Assemblies, in  1.146 seconds
Native extension for WindowsStandalone target not found
Native extension for WebGL target not found
Mono: successfully reloaded assembly
- Finished resetting the current domain, in  1.312 seconds
Domain Reload Profiling: 2455ms
	BeginReloadAssembly (402ms)
		ExecutionOrderSort (0ms)
		DisableScriptedObjects (0ms)
		BackupInstance (0ms)
		ReleaseScriptingObjects (0ms)
		CreateAndSetChildDomain (3ms)
	RebuildCommonClasses (231ms)
	RebuildNativeTypeToScriptingClass (23ms)
	initialDomainReloadingComplete (115ms)
	LoadAllAssembliesAndSetupDomain (370ms)
		LoadAssemblies (395ms)
		RebuildTransferFunctionScriptingTraits (0ms)
		AnalyzeDomain (362ms)
			TypeCache.Refresh (360ms)
				TypeCache.ScanAssembly (335ms)
			BuildScriptInfoCaches (1ms)
			ResolveRequiredComponents (1ms)
	FinalizeReload (1314ms)
		ReleaseScriptCaches (0ms)
		RebuildScriptCaches (0ms)
		SetupLoadedEditorAssemblies (1094ms)
			LogAssemblyErrors (0ms)
			InitializePlatformSupportModulesInManaged (52ms)
			SetLoadedEditorAssemblies (7ms)
			BeforeProcessingInitializeOnLoad (320ms)
			ProcessInitializeOnLoadAttributes (524ms)
			ProcessInitializeOnLoadMethodAttributes (190ms)
			AfterProcessingInitializeOnLoad (0ms)
			EditorAssembliesLoaded (1ms)
		ExecutionOrderSort2 (0ms)
		AwakeInstancesAfterBackupRestoration (0ms)
========================================================================
Worker process is ready to serve import requests
Import Worker Mode flag is 0x00
Begin MonoManager ReloadAssembly
- Loaded All Assemblies, in 12.443 seconds
Refreshing native plugins compatible for Editor in 29.22 ms, found 3 plugins.
Native extension for WindowsStandalone target not found
Native extension for WebGL target not found
Mono: successfully reloaded assembly
- Finished resetting the current domain, in 94.846 seconds
Domain Reload Profiling: 109739ms
	BeginReloadAssembly (1408ms)
		ExecutionOrderSort (0ms)
		DisableScriptedObjects (18ms)
		BackupInstance (0ms)
		ReleaseScriptingObjects (1ms)
		CreateAndSetChildDomain (139ms)
	RebuildCommonClasses (104ms)
	RebuildNativeTypeToScriptingClass (33ms)
	initialDomainReloadingComplete (227ms)
	LoadAllAssembliesAndSetupDomain (13093ms)
		LoadAssemblies (4747ms)
		RebuildTransferFunctionScriptingTraits (0ms)
		AnalyzeDomain (6774ms)
			TypeCache.Refresh (4287ms)
				TypeCache.ScanAssembly (1700ms)
			BuildScriptInfoCaches (2209ms)
			ResolveRequiredComponents (238ms)
	FinalizeReload (94874ms)
		ReleaseScriptCaches (0ms)
		RebuildScriptCaches (0ms)
		SetupLoadedEditorAssemblies (88934ms)
			LogAssemblyErrors (1ms)
			InitializePlatformSupportModulesInManaged (42ms)
			SetLoadedEditorAssemblies (330ms)
			BeforeProcessingInitializeOnLoad (1963ms)
			ProcessInitializeOnLoadAttributes (67853ms)
			ProcessInitializeOnLoadMethodAttributes (18632ms)
			AfterProcessingInitializeOnLoad (46ms)
			EditorAssembliesLoaded (64ms)
		ExecutionOrderSort2 (5ms)
		AwakeInstancesAfterBackupRestoration (71ms)
Launched and connected shader compiler UnityShaderCompiler.exe after 0.44 seconds
Refreshing native plugins compatible for Editor in 7477.99 ms, found 3 plugins.
Preloading 0 native plugins for Editor in 0.00 ms.
Unloading 205 Unused Serialized files (Serialized files now loaded: 0)
Unloading 6008 unused Assets / (9.7 MB). Loaded Objects now: 6675.
Memory consumption went from 176.1 MB to 166.3 MB.
Total: 8213.224600 ms (FindLiveObjects: 1040.007100 ms CreateObjectMapping: 681.092100 ms MarkObjects: 5718.862500 ms  DeleteObjects: 772.720000 ms)

========================================================================
Received Prepare
Refreshing native plugins compatible for Editor in 9.79 ms, found 3 plugins.
Preloading 0 native plugins for Editor in 0.00 ms.
Unloading 38 Unused Serialized files (Serialized files now loaded: 0)
Unloading 5998 unused Assets / (5.2 MB). Loaded Objects now: 6676.
Memory consumption went from 149.4 MB to 144.3 MB.
Total: 39.660300 ms (FindLiveObjects: 2.906700 ms CreateObjectMapping: 4.790800 ms MarkObjects: 16.605200 ms  DeleteObjects: 15.351300 ms)

Prepare: number of updated asset objects reloaded= 0
========================================================================
Received Import Request.
  Time since last request: 685.296395 seconds.
  path: Assets/carfolder/car.cs
  artifactKey: Guid(4dd4241c055524143b63c5da23a2ab9c) Importer(815301076,1909f56bfc062723c751e8b465ee728b)
Start importing Assets/carfolder/car.cs using Guid(4dd4241c055524143b63c5da23a2ab9c) Importer(815301076,1909f56bfc062723c751e8b465ee728b) (PreviewImporter) -> (artifact id: '30364137342b04c6e30d77f69e27a208') in 2.0830083 seconds
Number of updated asset objects reloaded before import = 0Number of asset objects unloaded after import = 0

========================================================================
Received Prepare
Refreshing native plugins compatible for Editor in 17.71 ms, found 3 plugins.
Preloading 0 native plugins for Editor in 0.00 ms.
Unloading 38 Unused Serialized files (Serialized files now loaded: 0)
Unloading 5998 unused Assets / (5.1 MB). Loaded Objects now: 6678.
Memory consumption went from 150.0 MB to 144.9 MB.
Total: 459.449800 ms (FindLiveObjects: 7.884200 ms CreateObjectMapping: 4.130100 ms MarkObjects: 425.193100 ms  DeleteObjects: 22.188800 ms)

Prepare: number of updated asset objects reloaded= 0
========================================================================
Received Import Request.
  Time since last request: 281.596175 seconds.
  path: Assets/carfolder/car.cs
  artifactKey: Guid(4dd4241c055524143b63c5da23a2ab9c) Importer(815301076,1909f56bfc062723c751e8b465ee728b)
Start importing Assets/carfolder/car.cs using Guid(4dd4241c055524143b63c5da23a2ab9c) Importer(815301076,1909f56bfc062723c751e8b465ee728b) (PreviewImporter) -> (artifact id: '97d78759ece3d16b9b8fc3371d220fc4') in 0.0247842 seconds
Number of updated asset objects reloaded before import = 0Number of asset objects unloaded after import = 0

========================================================================
Received Prepare
Refreshing native plugins compatible for Editor in 6.90 ms, found 3 plugins.
Preloading 0 native plugins for Editor in 0.00 ms.
Unloading 38 Unused Serialized files (Serialized files now loaded: 0)
Unloading 5998 unused Assets / (5.9 MB). Loaded Objects now: 6678.
Memory consumption went from 150.0 MB to 144.1 MB.
Total: 150.286400 ms (FindLiveObjects: 3.585500 ms CreateObjectMapping: 1.446400 ms MarkObjects: 138.122500 ms  DeleteObjects: 7.128500 ms)

Prepare: number of updated asset objects reloaded= 0
========================================================================
Received Prepare
Refreshing native plugins compatible for Editor in 3.21 ms, found 3 plugins.
Preloading 0 native plugins for Editor in 0.00 ms.
Unloading 38 Unused Serialized files (Serialized files now loaded: 0)
Unloading 5998 unused Assets / (6.7 MB). Loaded Objects now: 6678.
Memory consumption went from 150.0 MB to 143.2 MB.
Total: 142.171100 ms (FindLiveObjects: 1.870800 ms CreateObjectMapping: 0.821200 ms MarkObjects: 129.111000 ms  DeleteObjects: 10.364100 ms)

Prepare: number of updated asset objects reloaded= 0
========================================================================
Received Prepare
Begin MonoManager ReloadAssembly
- Loaded All Assemblies, in 20.623 seconds
Refreshing native plugins compatible for Editor in 23.29 ms, found 3 plugins.
Native extension for WindowsStandalone target not found
Native extension for WebGL target not found
Mono: successfully reloaded assembly
- Finished resetting the current domain, in  6.794 seconds
Domain Reload Profiling: 27396ms
	BeginReloadAssembly (5787ms)
		ExecutionOrderSort (4ms)
		DisableScriptedObjects (479ms)
		BackupInstance (0ms)
		ReleaseScriptingObjects (6ms)
		CreateAndSetChildDomain (1054ms)
	RebuildCommonClasses (443ms)
	RebuildNativeTypeToScriptingClass (42ms)
	initialDomainReloadingComplete (295ms)
	LoadAllAssembliesAndSetupDomain (14030ms)
		LoadAssemblies (14028ms)
		RebuildTransferFunctionScriptingTraits (0ms)
		AnalyzeDomain (3184ms)
			TypeCache.Refresh (239ms)
				TypeCache.ScanAssembly (8ms)
			BuildScriptInfoCaches (2574ms)
			ResolveRequiredComponents (76ms)
	FinalizeReload (6798ms)
		ReleaseScriptCaches (0ms)
		RebuildScriptCaches (0ms)
		SetupLoadedEditorAssemblies (2363ms)
			LogAssemblyErrors (0ms)
			InitializePlatformSupportModulesInManaged (18ms)
			SetLoadedEditorAssemblies (17ms)
			BeforeProcessingInitializeOnLoad (720ms)
			ProcessInitializeOnLoadAttributes (1395ms)
			ProcessInitializeOnLoadMethodAttributes (191ms)
			AfterProcessingInitializeOnLoad (22ms)
			EditorAssembliesLoaded (1ms)
		ExecutionOrderSort2 (0ms)
		AwakeInstancesAfterBackupRestoration (32ms)
Refreshing native plugins compatible for Editor in 5.06 ms, found 3 plugins.
Preloading 0 native plugins for Editor in 0.00 ms.
Unloading 48 Unused Serialized files (Serialized files now loaded: 0)
Unloading 6003 unused Assets / (4.3 MB). Loaded Objects now: 6693.
Memory consumption went from 164.2 MB to 159.9 MB.
Total: 80.010200 ms (FindLiveObjects: 43.825600 ms CreateObjectMapping: 5.456100 ms MarkObjects: 18.087100 ms  DeleteObjects: 12.636700 ms)

Prepare: number of updated asset objects reloaded= 0
========================================================================
Received Prepare
Begin MonoManager ReloadAssembly
- Loaded All Assemblies, in 10.214 seconds
Refreshing native plugins compatible for Editor in 5.07 ms, found 3 plugins.
Native extension for WindowsStandalone target not found
Native extension for WebGL target not found
Mono: successfully reloaded assembly
- Finished resetting the current domain, in  2.299 seconds
Domain Reload Profiling: 12593ms
	BeginReloadAssembly (1523ms)
		ExecutionOrderSort (0ms)
		DisableScriptedObjects (200ms)
		BackupInstance (0ms)
		ReleaseScriptingObjects (3ms)
		CreateAndSetChildDomain (335ms)
	RebuildCommonClasses (139ms)
	RebuildNativeTypeToScriptingClass (183ms)
	initialDomainReloadingComplete (129ms)
	LoadAllAssembliesAndSetupDomain (8320ms)
		LoadAssemblies (6402ms)
		RebuildTransferFunctionScriptingTraits (0ms)
		AnalyzeDomain (2572ms)
			TypeCache.Refresh (449ms)
				TypeCache.ScanAssembly (0ms)
			BuildScriptInfoCaches (1651ms)
			ResolveRequiredComponents (405ms)
	FinalizeReload (2301ms)
		ReleaseScriptCaches (0ms)
		RebuildScriptCaches (0ms)
		SetupLoadedEditorAssemblies (1833ms)
			LogAssemblyErrors (0ms)
			InitializePlatformSupportModulesInManaged (9ms)
			SetLoadedEditorAssemblies (13ms)
			BeforeProcessingInitializeOnLoad (337ms)
			ProcessInitializeOnLoadAttributes (1344ms)
			ProcessInitializeOnLoadMethodAttributes (119ms)
			AfterProcessingInitializeOnLoad (10ms)
			EditorAssembliesLoaded (1ms)
		ExecutionOrderSort2 (0ms)
		AwakeInstancesAfterBackupRestoration (26ms)
Refreshing native plugins compatible for Editor in 6.89 ms, found 3 plugins.
Preloading 0 native plugins for Editor in 0.00 ms.
Unloading 37 Unused Serialized files (Serialized files now loaded: 0)
Unloading 6003 unused Assets / (6.3 MB). Loaded Objects now: 6695.
Memory consumption went from 162.2 MB to 155.9 MB.
Total: 35.479000 ms (FindLiveObjects: 1.702700 ms CreateObjectMapping: 2.888400 ms MarkObjects: 17.514000 ms  DeleteObjects: 13.368100 ms)

Prepare: number of updated asset objects reloaded= 0
========================================================================
Received Prepare
Begin MonoManager ReloadAssembly
- Loaded All Assemblies, in 31.698 seconds
Refreshing native plugins compatible for Editor in 10.64 ms, found 3 plugins.
Native extension for WindowsStandalone target not found
Native extension for WebGL target not found
Mono: successfully reloaded assembly
- Finished resetting the current domain, in  4.251 seconds
Domain Reload Profiling: 35990ms
	BeginReloadAssembly (13365ms)
		ExecutionOrderSort (1ms)
		DisableScriptedObjects (3168ms)
		BackupInstance (0ms)
		ReleaseScriptingObjects (11ms)
		CreateAndSetChildDomain (4247ms)
	RebuildCommonClasses (477ms)
	RebuildNativeTypeToScriptingClass (32ms)
	initialDomainReloadingComplete (120ms)
	LoadAllAssembliesAndSetupDomain (17742ms)
		LoadAssemblies (5758ms)
		RebuildTransferFunctionScriptingTraits (0ms)
		AnalyzeDomain (12718ms)
			TypeCache.Refresh (635ms)
				TypeCache.ScanAssembly (0ms)
			BuildScriptInfoCaches (11857ms)
			ResolveRequiredComponents (84ms)
	FinalizeReload (4253ms)
		ReleaseScriptCaches (0ms)
		RebuildScriptCaches (0ms)
		SetupLoadedEditorAssemblies (2630ms)
			LogAssemblyErrors (0ms)
			InitializePlatformSupportModulesInManaged (10ms)
			SetLoadedEditorAssemblies (15ms)
			BeforeProcessingInitializeOnLoad (595ms)
			ProcessInitializeOnLoadAttributes (1777ms)
			ProcessInitializeOnLoadMethodAttributes (217ms)
			AfterProcessingInitializeOnLoad (15ms)
			EditorAssembliesLoaded (2ms)
		ExecutionOrderSort2 (0ms)
		AwakeInstancesAfterBackupRestoration (41ms)
Refreshing native plugins compatible for Editor in 5.32 ms, found 3 plugins.
Preloading 0 native plugins for Editor in 0.00 ms.
Unloading 37 Unused Serialized files (Serialized files now loaded: 0)
Unloading 6003 unused Assets / (8.3 MB). Loaded Objects now: 6697.
Memory consumption went from 162.2 MB to 153.9 MB.
Total: 292.552300 ms (FindLiveObjects: 13.566600 ms CreateObjectMapping: 3.931100 ms MarkObjects: 189.067600 ms  DeleteObjects: 85.979200 ms)

Prepare: number of updated asset objects reloaded= 0
========================================================================
Received Prepare
Begin MonoManager ReloadAssembly
- Loaded All Assemblies, in 18.236 seconds
Refreshing native plugins compatible for Editor in 5.50 ms, found 3 plugins.
Native extension for WindowsStandalone target not found
Native extension for WebGL target not found
Mono: successfully reloaded assembly
- Finished resetting the current domain, in  2.771 seconds
Domain Reload Profiling: 20672ms
	BeginReloadAssembly (5920ms)
		ExecutionOrderSort (1ms)
		DisableScriptedObjects (310ms)
		BackupInstance (0ms)
		ReleaseScriptingObjects (27ms)
		CreateAndSetChildDomain (1783ms)
	RebuildCommonClasses (739ms)
	RebuildNativeTypeToScriptingClass (88ms)
	initialDomainReloadingComplete (303ms)
	LoadAllAssembliesAndSetupDomain (10838ms)
		LoadAssemblies (10438ms)
		RebuildTransferFunctionScriptingTraits (0ms)
		AnalyzeDomain (1934ms)
			TypeCache.Refresh (124ms)
				TypeCache.ScanAssembly (0ms)
			BuildScriptInfoCaches (1745ms)
			ResolveRequiredComponents (45ms)
	FinalizeReload (2785ms)
		ReleaseScriptCaches (0ms)
		RebuildScriptCaches (0ms)
		SetupLoadedEditorAssemblies (1691ms)
			LogAssemblyErrors (0ms)
			InitializePlatformSupportModulesInManaged (18ms)
			SetLoadedEditorAssemblies (11ms)
			BeforeProcessingInitializeOnLoad (458ms)
			ProcessInitializeOnLoadAttributes (1085ms)
			ProcessInitializeOnLoadMethodAttributes (104ms)
			AfterProcessingInitializeOnLoad (15ms)
			EditorAssembliesLoaded (1ms)
		ExecutionOrderSort2 (0ms)
		AwakeInstancesAfterBackupRestoration (35ms)
Refreshing native plugins compatible for Editor in 3.72 ms, found 3 plugins.
Preloading 0 native plugins for Editor in 0.00 ms.
Unloading 37 Unused Serialized files (Serialized files now loaded: 0)
Unloading 6003 unused Assets / (4.8 MB). Loaded Objects now: 6699.
Memory consumption went from 162.3 MB to 157.5 MB.
Total: 38.222000 ms (FindLiveObjects: 1.565700 ms CreateObjectMapping: 3.176600 ms MarkObjects: 19.784300 ms  DeleteObjects: 13.690400 ms)

Prepare: number of updated asset objects reloaded= 0
========================================================================
Received Prepare
Begin MonoManager ReloadAssembly
- Loaded All Assemblies, in 11.947 seconds
Refreshing native plugins compatible for Editor in 4.15 ms, found 3 plugins.
Native extension for WindowsStandalone target not found
Native extension for WebGL target not found
Mono: successfully reloaded assembly
- Finished resetting the current domain, in  5.092 seconds
Domain Reload Profiling: 17058ms
	BeginReloadAssembly (4085ms)
		ExecutionOrderSort (0ms)
		DisableScriptedObjects (123ms)
		BackupInstance (0ms)
		ReleaseScriptingObjects (5ms)
		CreateAndSetChildDomain (640ms)
	RebuildCommonClasses (583ms)
	RebuildNativeTypeToScriptingClass (50ms)
	initialDomainReloadingComplete (107ms)
	LoadAllAssembliesAndSetupDomain (7139ms)
		LoadAssemblies (7136ms)
		RebuildTransferFunctionScriptingTraits (0ms)
		AnalyzeDomain (2714ms)
			TypeCache.Refresh (1020ms)
				TypeCache.ScanAssembly (0ms)
			BuildScriptInfoCaches (1272ms)
			ResolveRequiredComponents (171ms)
	FinalizeReload (5094ms)
		ReleaseScriptCaches (0ms)
		RebuildScriptCaches (0ms)
		SetupLoadedEditorAssemblies (3726ms)
			LogAssemblyErrors (0ms)
			InitializePlatformSupportModulesInManaged (15ms)
			SetLoadedEditorAssemblies (15ms)
			BeforeProcessingInitializeOnLoad (482ms)
			ProcessInitializeOnLoadAttributes (2828ms)
			ProcessInitializeOnLoadMethodAttributes (370ms)
			AfterProcessingInitializeOnLoad (14ms)
			EditorAssembliesLoaded (1ms)
		ExecutionOrderSort2 (0ms)
		AwakeInstancesAfterBackupRestoration (33ms)
Refreshing native plugins compatible for Editor in 6.04 ms, found 3 plugins.
Preloading 0 native plugins for Editor in 0.00 ms.
Unloading 37 Unused Serialized files (Serialized files now loaded: 0)
Unloading 6003 unused Assets / (5.2 MB). Loaded Objects now: 6701.
Memory consumption went from 162.3 MB to 157.0 MB.
Total: 173.399000 ms (FindLiveObjects: 47.527500 ms CreateObjectMapping: 3.094600 ms MarkObjects: 34.281100 ms  DeleteObjects: 88.488500 ms)

Prepare: number of updated asset objects reloaded= 0
========================================================================
Received Prepare
Begin MonoManager ReloadAssembly
- Loaded All Assemblies, in 22.495 seconds
Refreshing native plugins compatible for Editor in 304.11 ms, found 3 plugins.
Native extension for WindowsStandalone target not found
Native extension for WebGL target not found
Mono: successfully reloaded assembly
- Finished resetting the current domain, in 18.234 seconds
Domain Reload Profiling: 41117ms
	BeginReloadAssembly (4975ms)
		ExecutionOrderSort (0ms)
		DisableScriptedObjects (59ms)
		BackupInstance (0ms)
		ReleaseScriptingObjects (1ms)
		CreateAndSetChildDomain (688ms)
	RebuildCommonClasses (472ms)
	RebuildNativeTypeToScriptingClass (74ms)
	initialDomainReloadingComplete (270ms)
	LoadAllAssembliesAndSetupDomain (17082ms)
		LoadAssemblies (15763ms)
		RebuildTransferFunctionScriptingTraits (0ms)
		AnalyzeDomain (4667ms)
			TypeCache.Refresh (669ms)
				TypeCache.ScanAssembly (0ms)
			BuildScriptInfoCaches (3676ms)
			ResolveRequiredComponents (249ms)
	FinalizeReload (18245ms)
		ReleaseScriptCaches (0ms)
		RebuildScriptCaches (0ms)
		SetupLoadedEditorAssemblies (12264ms)
			LogAssemblyErrors (0ms)
			InitializePlatformSupportModulesInManaged (26ms)
			SetLoadedEditorAssemblies (49ms)
			BeforeProcessingInitializeOnLoad (1998ms)
			ProcessInitializeOnLoadAttributes (9158ms)
			ProcessInitializeOnLoadMethodAttributes (962ms)
			AfterProcessingInitializeOnLoad (38ms)
			EditorAssembliesLoaded (33ms)
		ExecutionOrderSort2 (0ms)
		AwakeInstancesAfterBackupRestoration (144ms)
Refreshing native plugins compatible for Editor in 10.68 ms, found 3 plugins.
Preloading 0 native plugins for Editor in 0.00 ms.
Unloading 37 Unused Serialized files (Serialized files now loaded: 0)
Unloading 6003 unused Assets / (4.7 MB). Loaded Objects now: 6703.
Memory consumption went from 162.3 MB to 157.6 MB.
Total: 196.477100 ms (FindLiveObjects: 61.331800 ms CreateObjectMapping: 3.465300 ms MarkObjects: 86.158400 ms  DeleteObjects: 45.513200 ms)

Prepare: number of updated asset objects reloaded= 0
========================================================================
Received Import Request.
  Time since last request: 2933.042113 seconds.
  path: Assets/Order Out Art/ART Prefabs
  artifactKey: Guid(75a89f7621debd044b8c89fa200db9df) Importer(815301076,1909f56bfc062723c751e8b465ee728b)
Start importing Assets/Order Out Art/ART Prefabs using Guid(75a89f7621debd044b8c89fa200db9df) Importer(815301076,1909f56bfc062723c751e8b465ee728b) (PreviewImporter) -> (artifact id: '484eea3fd7de2576c64c12833c832be2') in 0.0276622 seconds
Number of updated asset objects reloaded before import = 0Number of asset objects unloaded after import = 0

========================================================================
Received Prepare
Begin MonoManager ReloadAssembly
- Loaded All Assemblies, in 20.554 seconds
Refreshing native plugins compatible for Editor in 104.91 ms, found 3 plugins.
Native extension for WindowsStandalone target not found
Native extension for WebGL target not found
Mono: successfully reloaded assembly
- Finished resetting the current domain, in  9.548 seconds
Domain Reload Profiling: 30120ms
	BeginReloadAssembly (7362ms)
		ExecutionOrderSort (1ms)
		DisableScriptedObjects (194ms)
		BackupInstance (0ms)
		ReleaseScriptingObjects (23ms)
		CreateAndSetChildDomain (2765ms)
	RebuildCommonClasses (180ms)
	RebuildNativeTypeToScriptingClass (434ms)
	initialDomainReloadingComplete (258ms)
	LoadAllAssembliesAndSetupDomain (12336ms)
		LoadAssemblies (10725ms)
		RebuildTransferFunctionScriptingTraits (0ms)
		AnalyzeDomain (4127ms)
			TypeCache.Refresh (531ms)
				TypeCache.ScanAssembly (0ms)
			BuildScriptInfoCaches (3266ms)
			ResolveRequiredComponents (99ms)
	FinalizeReload (9550ms)
		ReleaseScriptCaches (0ms)
		RebuildScriptCaches (0ms)
		SetupLoadedEditorAssemblies (7931ms)
			LogAssemblyErrors (0ms)
			InitializePlatformSupportModulesInManaged (17ms)
			SetLoadedEditorAssemblies (32ms)
			BeforeProcessingInitializeOnLoad (3223ms)
			ProcessInitializeOnLoadAttributes (3944ms)
			ProcessInitializeOnLoadMethodAttributes (689ms)
			AfterProcessingInitializeOnLoad (25ms)
			EditorAssembliesLoaded (2ms)
		ExecutionOrderSort2 (0ms)
		AwakeInstancesAfterBackupRestoration (232ms)
Refreshing native plugins compatible for Editor in 8.49 ms, found 3 plugins.
Preloading 0 native plugins for Editor in 0.00 ms.
Unloading 37 Unused Serialized files (Serialized files now loaded: 0)
Unloading 6003 unused Assets / (4.3 MB). Loaded Objects now: 6705.
Memory consumption went from 162.3 MB to 158.0 MB.
Total: 152.908700 ms (FindLiveObjects: 11.377200 ms CreateObjectMapping: 10.276500 ms MarkObjects: 40.021000 ms  DeleteObjects: 91.225000 ms)

Prepare: number of updated asset objects reloaded= 0
========================================================================
Received Prepare
Begin MonoManager ReloadAssembly
- Loaded All Assemblies, in 19.344 seconds
Refreshing native plugins compatible for Editor in 12.55 ms, found 3 plugins.
Native extension for WindowsStandalone target not found
Native extension for WebGL target not found
Mono: successfully reloaded assembly
- Finished resetting the current domain, in 13.712 seconds
Domain Reload Profiling: 33283ms
	BeginReloadAssembly (6003ms)
		ExecutionOrderSort (2ms)
		DisableScriptedObjects (178ms)
		BackupInstance (0ms)
		ReleaseScriptingObjects (5ms)
		CreateAndSetChildDomain (2328ms)
	RebuildCommonClasses (171ms)
	RebuildNativeTypeToScriptingClass (108ms)
	initialDomainReloadingComplete (355ms)
	LoadAllAssembliesAndSetupDomain (12932ms)
		LoadAssemblies (11190ms)
		RebuildTransferFunctionScriptingTraits (0ms)
		AnalyzeDomain (4070ms)
			TypeCache.Refresh (119ms)
				TypeCache.ScanAssembly (0ms)
			BuildScriptInfoCaches (3813ms)
			ResolveRequiredComponents (70ms)
	FinalizeReload (13715ms)
		ReleaseScriptCaches (0ms)
		RebuildScriptCaches (0ms)
		SetupLoadedEditorAssemblies (9174ms)
			LogAssemblyErrors (0ms)
			InitializePlatformSupportModulesInManaged (42ms)
			SetLoadedEditorAssemblies (442ms)
			BeforeProcessingInitializeOnLoad (2212ms)
			ProcessInitializeOnLoadAttributes (5309ms)
			ProcessInitializeOnLoadMethodAttributes (959ms)
			AfterProcessingInitializeOnLoad (208ms)
			EditorAssembliesLoaded (2ms)
		ExecutionOrderSort2 (0ms)
		AwakeInstancesAfterBackupRestoration (490ms)
Refreshing native plugins compatible for Editor in 12.51 ms, found 3 plugins.
Preloading 0 native plugins for Editor in 0.00 ms.
Unloading 37 Unused Serialized files (Serialized files now loaded: 0)
Unloading 6003 unused Assets / (5.4 MB). Loaded Objects now: 6707.
Memory consumption went from 162.3 MB to 156.9 MB.
Total: 241.022200 ms (FindLiveObjects: 187.693000 ms CreateObjectMapping: 8.152800 ms MarkObjects: 24.655800 ms  DeleteObjects: 20.514300 ms)

Prepare: number of updated asset objects reloaded= 0
========================================================================
Received Prepare
Begin MonoManager ReloadAssembly
- Loaded All Assemblies, in 17.557 seconds
Refreshing native plugins compatible for Editor in 14.63 ms, found 3 plugins.
Native extension for WindowsStandalone target not found
Native extension for WebGL target not found
Mono: successfully reloaded assembly
- Finished resetting the current domain, in  8.797 seconds
Domain Reload Profiling: 26289ms
	BeginReloadAssembly (5578ms)
		ExecutionOrderSort (0ms)
		DisableScriptedObjects (378ms)
		BackupInstance (0ms)
		ReleaseScriptingObjects (5ms)
		CreateAndSetChildDomain (2106ms)
	RebuildCommonClasses (657ms)
	RebuildNativeTypeToScriptingClass (181ms)
	initialDomainReloadingComplete (239ms)
	LoadAllAssembliesAndSetupDomain (10834ms)
		LoadAssemblies (9495ms)
		RebuildTransferFunctionScriptingTraits (0ms)
		AnalyzeDomain (3570ms)
			TypeCache.Refresh (347ms)
				TypeCache.ScanAssembly (0ms)
			BuildScriptInfoCaches (3068ms)
			ResolveRequiredComponents (89ms)
	FinalizeReload (8800ms)
		ReleaseScriptCaches (0ms)
		RebuildScriptCaches (0ms)
		SetupLoadedEditorAssemblies (6405ms)
			LogAssemblyErrors (0ms)
			InitializePlatformSupportModulesInManaged (24ms)
			SetLoadedEditorAssemblies (334ms)
			BeforeProcessingInitializeOnLoad (999ms)
			ProcessInitializeOnLoadAttributes (4494ms)
			ProcessInitializeOnLoadMethodAttributes (533ms)
			AfterProcessingInitializeOnLoad (20ms)
			EditorAssembliesLoaded (2ms)
		ExecutionOrderSort2 (0ms)
		AwakeInstancesAfterBackupRestoration (198ms)
Refreshing native plugins compatible for Editor in 13.83 ms, found 3 plugins.
Preloading 0 native plugins for Editor in 0.00 ms.
Unloading 37 Unused Serialized files (Serialized files now loaded: 0)
Unloading 6003 unused Assets / (4.3 MB). Loaded Objects now: 6709.
Memory consumption went from 162.3 MB to 158.0 MB.
Total: 181.356900 ms (FindLiveObjects: 3.977500 ms CreateObjectMapping: 3.514000 ms MarkObjects: 65.679600 ms  DeleteObjects: 108.168300 ms)

Prepare: number of updated asset objects reloaded= 0
========================================================================
Received Prepare
Assembly reference Packages/com.unity.cinemachine/Editor/Samples/ExposeHDRPInternals/HDRP-Editor-ref.asmref has no target assembly definition
Assembly reference Packages/com.unity.cinemachine/Editor/Samples/ExposeHDRPInternals/HDRP-Editor-ref.asmref has no target assembly definition
Begin MonoManager ReloadAssembly
- Loaded All Assemblies, in 18.168 seconds
Assembly reference Packages/com.unity.cinemachine/Editor/Samples/ExposeHDRPInternals/HDRP-Editor-ref.asmref has no target assembly definition
'Packages/com.unity.cinemachine/Editor/Obsolete/CinemachineVirtualCameraBaseEditor.cs' contains partial class of Unity.Object, exactly 1 of the partial classes needs to be in a file with the same filename. This is to know the one that can be referenced from ie. GameObjects
'Packages/com.unity.cinemachine/Editor/Editors/CinemachineVirtualCameraBaseEditor.cs' contains partial class of Unity.Object, exactly 1 of the partial classes needs to be in a file with the same filename. This is to know the one that can be referenced from ie. GameObjects
Refreshing native plugins compatible for Editor in 36.57 ms, found 3 plugins.
Native extension for WindowsStandalone target not found
Native extension for WebGL target not found
Assembly reference Packages/com.unity.cinemachine/Editor/Samples/ExposeHDRPInternals/HDRP-Editor-ref.asmref has no target assembly definition
Package Manager log level set to [2]
[Package Manager] Failed to launch server process. Reason: Unity was launched with the -noUpm command-line argument
[Package Manager] Unable to send message (not connected to server process).
[Package Manager] Cannot connect to Unity Package Manager local server
Mono: successfully reloaded assembly
- Finished resetting the current domain, in  3.752 seconds
Domain Reload Profiling: 21938ms
	BeginReloadAssembly (8845ms)
		ExecutionOrderSort (0ms)
		DisableScriptedObjects (234ms)
		BackupInstance (0ms)
		ReleaseScriptingObjects (4ms)
		CreateAndSetChildDomain (3830ms)
	RebuildCommonClasses (192ms)
	RebuildNativeTypeToScriptingClass (147ms)
	initialDomainReloadingComplete (380ms)
	LoadAllAssembliesAndSetupDomain (8613ms)
		LoadAssemblies (9619ms)
		RebuildTransferFunctionScriptingTraits (0ms)
		AnalyzeDomain (2760ms)
			TypeCache.Refresh (1036ms)
				TypeCache.ScanAssembly (166ms)
			BuildScriptInfoCaches (1643ms)
			ResolveRequiredComponents (47ms)
	FinalizeReload (3761ms)
		ReleaseScriptCaches (0ms)
		RebuildScriptCaches (0ms)
		SetupLoadedEditorAssemblies (2489ms)
			LogAssemblyErrors (0ms)
			InitializePlatformSupportModulesInManaged (11ms)
			SetLoadedEditorAssemblies (8ms)
			BeforeProcessingInitializeOnLoad (400ms)
			ProcessInitializeOnLoadAttributes (1937ms)
			ProcessInitializeOnLoadMethodAttributes (116ms)
			AfterProcessingInitializeOnLoad (16ms)
			EditorAssembliesLoaded (2ms)
		ExecutionOrderSort2 (0ms)
		AwakeInstancesAfterBackupRestoration (52ms)
Refreshing native plugins compatible for Editor in 3.53 ms, found 3 plugins.
Preloading 0 native plugins for Editor in 0.00 ms.
Unloading 39 Unused Serialized files (Serialized files now loaded: 0)
Unloading 6396 unused Assets / (7.3 MB). Loaded Objects now: 7102.
Memory consumption went from 165.1 MB to 157.8 MB.
Total: 85.256900 ms (FindLiveObjects: 1.472900 ms CreateObjectMapping: 1.084100 ms MarkObjects: 70.699100 ms  DeleteObjects: 11.996400 ms)

Prepare: number of updated asset objects reloaded= 0
========================================================================
Received Prepare
Assembly reference Packages/com.unity.cinemachine/Editor/Samples/ExposeHDRPInternals/HDRP-Editor-ref.asmref has no target assembly definition
Assembly reference Packages/com.unity.cinemachine/Editor/Samples/ExposeHDRPInternals/HDRP-Editor-ref.asmref has no target assembly definition
Begin MonoManager ReloadAssembly
- Loaded All Assemblies, in 37.291 seconds
Assembly reference Packages/com.unity.cinemachine/Editor/Samples/ExposeHDRPInternals/HDRP-Editor-ref.asmref has no target assembly definition
'Packages/com.unity.cinemachine/Editor/Obsolete/CinemachineVirtualCameraBaseEditor.cs' contains partial class of Unity.Object, exactly 1 of the partial classes needs to be in a file with the same filename. This is to know the one that can be referenced from ie. GameObjects
'Packages/com.unity.cinemachine/Editor/Editors/CinemachineVirtualCameraBaseEditor.cs' contains partial class of Unity.Object, exactly 1 of the partial classes needs to be in a file with the same filename. This is to know the one that can be referenced from ie. GameObjects
Refreshing native plugins compatible for Editor in 14.57 ms, found 3 plugins.
Native extension for WindowsStandalone target not found
Native extension for WebGL target not found
Assembly reference Packages/com.unity.cinemachine/Editor/Samples/ExposeHDRPInternals/HDRP-Editor-ref.asmref has no target assembly definition
[Package Manager] Failed to launch server process. Reason: Unity was launched with the -noUpm command-line argument
[Package Manager] Unable to send message (not connected to server process).
[Package Manager] Cannot connect to Unity Package Manager local server
Mono: successfully reloaded assembly
- Finished resetting the current domain, in  2.775 seconds
Domain Reload Profiling: 40522ms
	BeginReloadAssembly (11437ms)
		ExecutionOrderSort (4ms)
		DisableScriptedObjects (248ms)
		BackupInstance (0ms)
		ReleaseScriptingObjects (5ms)
		CreateAndSetChildDomain (4463ms)
	RebuildCommonClasses (1525ms)
	RebuildNativeTypeToScriptingClass (75ms)
	initialDomainReloadingComplete (478ms)
	LoadAllAssembliesAndSetupDomain (24230ms)
		LoadAssemblies (23059ms)
		RebuildTransferFunctionScriptingTraits (0ms)
		AnalyzeDomain (5376ms)
			TypeCache.Refresh (559ms)
				TypeCache.ScanAssembly (0ms)
			BuildScriptInfoCaches (4299ms)
			ResolveRequiredComponents (345ms)
	FinalizeReload (2777ms)
		ReleaseScriptCaches (0ms)
		RebuildScriptCaches (0ms)
		SetupLoadedEditorAssemblies (1793ms)
			LogAssemblyErrors (0ms)
			InitializePlatformSupportModulesInManaged (10ms)
			SetLoadedEditorAssemblies (10ms)
			BeforeProcessingInitializeOnLoad (361ms)
			ProcessInitializeOnLoadAttributes (1222ms)
			ProcessInitializeOnLoadMethodAttributes (178ms)
			AfterProcessingInitializeOnLoad (11ms)
			EditorAssembliesLoaded (1ms)
		ExecutionOrderSort2 (0ms)
		AwakeInstancesAfterBackupRestoration (27ms)
Refreshing native plugins compatible for Editor in 4.26 ms, found 3 plugins.
Preloading 0 native plugins for Editor in 0.00 ms.
Unloading 39 Unused Serialized files (Serialized files now loaded: 0)
Unloading 6396 unused Assets / (6.7 MB). Loaded Objects now: 7104.
Memory consumption went from 166.0 MB to 159.3 MB.
Total: 41.230500 ms (FindLiveObjects: 2.051700 ms CreateObjectMapping: 1.771100 ms MarkObjects: 23.240000 ms  DeleteObjects: 14.146700 ms)

Prepare: number of updated asset objects reloaded= 0
========================================================================
Received Prepare
Assembly reference Packages/com.unity.cinemachine/Editor/Samples/ExposeHDRPInternals/HDRP-Editor-ref.asmref has no target assembly definition
Assembly reference Packages/com.unity.cinemachine/Editor/Samples/ExposeHDRPInternals/HDRP-Editor-ref.asmref has no target assembly definition
Begin MonoManager ReloadAssembly
- Loaded All Assemblies, in 23.856 seconds
Assembly reference Packages/com.unity.cinemachine/Editor/Samples/ExposeHDRPInternals/HDRP-Editor-ref.asmref has no target assembly definition
'Packages/com.unity.cinemachine/Editor/Obsolete/CinemachineVirtualCameraBaseEditor.cs' contains partial class of Unity.Object, exactly 1 of the partial classes needs to be in a file with the same filename. This is to know the one that can be referenced from ie. GameObjects
'Packages/com.unity.cinemachine/Editor/Editors/CinemachineVirtualCameraBaseEditor.cs' contains partial class of Unity.Object, exactly 1 of the partial classes needs to be in a file with the same filename. This is to know the one that can be referenced from ie. GameObjects
Refreshing native plugins compatible for Editor in 64.98 ms, found 3 plugins.
Native extension for WindowsStandalone target not found
Native extension for WebGL target not found
Assembly reference Packages/com.unity.cinemachine/Editor/Samples/ExposeHDRPInternals/HDRP-Editor-ref.asmref has no target assembly definition
[Package Manager] Failed to launch server process. Reason: Unity was launched with the -noUpm command-line argument
[Package Manager] Unable to send message (not connected to server process).
[Package Manager] Cannot connect to Unity Package Manager local server
Mono: successfully reloaded assembly
- Finished resetting the current domain, in 11.302 seconds
Domain Reload Profiling: 35382ms
	BeginReloadAssembly (8446ms)
		ExecutionOrderSort (1ms)
		DisableScriptedObjects (215ms)
		BackupInstance (0ms)
		ReleaseScriptingObjects (4ms)
		CreateAndSetChildDomain (3147ms)
	RebuildCommonClasses (432ms)
	RebuildNativeTypeToScriptingClass (135ms)
	initialDomainReloadingComplete (517ms)
	LoadAllAssembliesAndSetupDomain (14545ms)
		LoadAssemblies (11844ms)
		RebuildTransferFunctionScriptingTraits (0ms)
		AnalyzeDomain (6742ms)
			TypeCache.Refresh (958ms)
				TypeCache.ScanAssembly (0ms)
			BuildScriptInfoCaches (5546ms)
			ResolveRequiredComponents (122ms)
	FinalizeReload (11307ms)
		ReleaseScriptCaches (0ms)
		RebuildScriptCaches (0ms)
		SetupLoadedEditorAssemblies (8164ms)
			LogAssemblyErrors (0ms)
			InitializePlatformSupportModulesInManaged (20ms)
			SetLoadedEditorAssemblies (212ms)
			BeforeProcessingInitializeOnLoad (2091ms)
			ProcessInitializeOnLoadAttributes (5022ms)
			ProcessInitializeOnLoadMethodAttributes (791ms)
			AfterProcessingInitializeOnLoad (27ms)
			EditorAssembliesLoaded (1ms)
		ExecutionOrderSort2 (0ms)
		AwakeInstancesAfterBackupRestoration (170ms)
Refreshing native plugins compatible for Editor in 32.51 ms, found 3 plugins.
Preloading 0 native plugins for Editor in 0.00 ms.
Unloading 39 Unused Serialized files (Serialized files now loaded: 0)
Unloading 6396 unused Assets / (4.6 MB). Loaded Objects now: 7106.
Memory consumption went from 166.0 MB to 161.4 MB.
Total: 79.570700 ms (FindLiveObjects: 9.845100 ms CreateObjectMapping: 9.053400 ms MarkObjects: 40.031500 ms  DeleteObjects: 20.635200 ms)

Prepare: number of updated asset objects reloaded= 0
========================================================================
Received Prepare
Assembly reference Packages/com.unity.cinemachine/Editor/Samples/ExposeHDRPInternals/HDRP-Editor-ref.asmref has no target assembly definition
Assembly reference Packages/com.unity.cinemachine/Editor/Samples/ExposeHDRPInternals/HDRP-Editor-ref.asmref has no target assembly definition
Begin MonoManager ReloadAssembly
- Loaded All Assemblies, in 28.109 seconds
Assembly reference Packages/com.unity.cinemachine/Editor/Samples/ExposeHDRPInternals/HDRP-Editor-ref.asmref has no target assembly definition
'Packages/com.unity.cinemachine/Editor/Obsolete/CinemachineVirtualCameraBaseEditor.cs' contains partial class of Unity.Object, exactly 1 of the partial classes needs to be in a file with the same filename. This is to know the one that can be referenced from ie. GameObjects
'Packages/com.unity.cinemachine/Editor/Editors/CinemachineVirtualCameraBaseEditor.cs' contains partial class of Unity.Object, exactly 1 of the partial classes needs to be in a file with the same filename. This is to know the one that can be referenced from ie. GameObjects
Refreshing native plugins compatible for Editor in 39.87 ms, found 3 plugins.
Native extension for WindowsStandalone target not found
Native extension for WebGL target not found
Assembly reference Packages/com.unity.cinemachine/Editor/Samples/ExposeHDRPInternals/HDRP-Editor-ref.asmref has no target assembly definition
[Package Manager] Failed to launch server process. Reason: Unity was launched with the -noUpm command-line argument
[Package Manager] Unable to send message (not connected to server process).
[Package Manager] Cannot connect to Unity Package Manager local server
Mono: successfully reloaded assembly
- Finished resetting the current domain, in 10.273 seconds
Domain Reload Profiling: 38419ms
	BeginReloadAssembly (13883ms)
		ExecutionOrderSort (10ms)
		DisableScriptedObjects (1155ms)
		BackupInstance (0ms)
		ReleaseScriptingObjects (18ms)
		CreateAndSetChildDomain (4105ms)
	RebuildCommonClasses (470ms)
	RebuildNativeTypeToScriptingClass (336ms)
	initialDomainReloadingComplete (927ms)
	LoadAllAssembliesAndSetupDomain (12522ms)
		LoadAssemblies (12347ms)
		RebuildTransferFunctionScriptingTraits (0ms)
		AnalyzeDomain (4623ms)
			TypeCache.Refresh (299ms)
				TypeCache.ScanAssembly (0ms)
			BuildScriptInfoCaches (3940ms)
			ResolveRequiredComponents (247ms)
	FinalizeReload (10282ms)
		ReleaseScriptCaches (0ms)
		RebuildScriptCaches (0ms)
		SetupLoadedEditorAssemblies (7984ms)
			LogAssemblyErrors (0ms)
			InitializePlatformSupportModulesInManaged (18ms)
			SetLoadedEditorAssemblies (188ms)
			BeforeProcessingInitializeOnLoad (1444ms)
			ProcessInitializeOnLoadAttributes (5694ms)
			ProcessInitializeOnLoadMethodAttributes (611ms)
			AfterProcessingInitializeOnLoad (27ms)
			EditorAssembliesLoaded (2ms)
		ExecutionOrderSort2 (0ms)
		AwakeInstancesAfterBackupRestoration (285ms)
Refreshing native plugins compatible for Editor in 18.54 ms, found 3 plugins.
Preloading 0 native plugins for Editor in 0.00 ms.
Unloading 39 Unused Serialized files (Serialized files now loaded: 0)
Unloading 6396 unused Assets / (6.3 MB). Loaded Objects now: 7108.
Memory consumption went from 166.0 MB to 159.7 MB.
Total: 200.465700 ms (FindLiveObjects: 6.003000 ms CreateObjectMapping: 3.219500 ms MarkObjects: 149.829900 ms  DeleteObjects: 41.409100 ms)

Prepare: number of updated asset objects reloaded= 0
